<?xml version="1.0" encoding="UTF-8"?>
<testsuites tests="3" failures="1" disabled="0" errors="0" time="0.012">
  <testsuite name="SampleSuite" tests="2" failures="1" disabled="0" errors="0" time="0.008">
    <testcase name="Passes" status="run" time="0.003" classname="SampleSuite" />
    <testcase name="Fails" status="run" time="0.005" classname="SampleSuite">
      <failure message="expected true but was false" type="AssertionError">assertion failed</failure>
    </testcase>
  </testsuite>
  <testsuite name="TimingSuite" tests="1" failures="0" disabled="0" errors="0" time="0.004">
    <testcase name="SlowButPassing" status="run" time="0.004" classname="TimingSuite" />
  </testsuite>
</testsuites>
